<?xml version="1.0" encoding="UTF-8"?>
<!-- Generated by org.testng.reporters.JUnitXMLReporter -->
<testsuite ignored="4" hostname="DESKTOP-4AO015I" failures="0" tests="4" name="Test" time="163.638" errors="0" timestamp="2024-12-19T13:09:07 IST">
  <testcase classname="testcases.SmokeTest" name="Logintest" time="64.409"/>
  <testcase classname="testcases.SmokeTest" name="PatientRegistration" time="8.252"/>
  <testcase classname="testcases.SmokeTest" name="Create_Appointment" time="6.355"/>
  <testcase classname="testcases.Billing" name="OPBill" time="25.446"/>
  <testcase classname="base.BaseTest" name="@BeforeTest setUp" time="0.0">
    <ignored/>
  </testcase> <!-- @BeforeTest setUp -->
  <testcase classname="base.BaseTest" name="@BeforeTest setUp" time="0.0">
    <ignored/>
  </testcase> <!-- @BeforeTest setUp -->
  <testcase classname="base.BaseTest" name="@AfterTest tearDown" time="0.0">
    <ignored/>
  </testcase> <!-- @AfterTest tearDown -->
  <testcase classname="base.BaseTest" name="@AfterTest tearDown" time="0.0">
    <ignored/>
  </testcase> <!-- @AfterTest tearDown -->
</testsuite> <!-- Test -->
