<?xml version="1.0" encoding="UTF-8"?>
<!-- Generated by org.testng.reporters.JUnitXMLReporter -->
<testsuite ignored="4" hostname="DESKTOP-4AO015I" failures="0" tests="6" name="Test" time="129.028" errors="0" timestamp="2025-01-07T12:06:49 IST">
  <testcase classname="testcases.SmokeTest" name="Logintest" time="14.265"/>
  <testcase classname="testcases.SmokeTest" name="PatientRegistration" time="7.232"/>
  <testcase classname="testcases.SmokeTest" name="Create_Appointment" time="10.608"/>
  <testcase classname="testcases.Billing" name="OPBill" time="25.775"/>
  <testcase classname="testcases.Billing" name="Lab_Bill" time="32.068"/>
  <testcase classname="testcases.Billing" name="Scan_Bill" time="31.043"/>
  <testcase classname="base.BaseTest" name="@BeforeTest setUp" time="0.0">
    <ignored/>
  </testcase> <!-- @BeforeTest setUp -->
  <testcase classname="base.BaseTest" name="@BeforeTest setUp" time="0.0">
    <ignored/>
  </testcase> <!-- @BeforeTest setUp -->
  <testcase classname="base.BaseTest" name="@AfterTest tearDown" time="0.0">
    <ignored/>
  </testcase> <!-- @AfterTest tearDown -->
  <testcase classname="base.BaseTest" name="@AfterTest tearDown" time="0.0">
    <ignored/>
  </testcase> <!-- @AfterTest tearDown -->
</testsuite> <!-- Test -->
