<?xml version="1.0" encoding="UTF-8"?>
<!-- Generated by org.testng.reporters.JUnitXMLReporter -->
<testsuite ignored="2" hostname="DESKTOP-4AO015I" failures="0" tests="2" name="Test" time="52.29" errors="0" timestamp="2024-06-28T12:36:45 IST">
  <testcase classname="testcases.Billing" name="Logintest" time="13.947"/>
  <testcase classname="testcases.Billing" name="Scan_Bill" time="27.935"/>
  <testcase classname="base.BaseTest" name="@BeforeTest setUp" time="0.0">
    <ignored/>
  </testcase> <!-- @BeforeTest setUp -->
  <testcase classname="base.BaseTest" name="@AfterTest tearDown" time="0.0">
    <ignored/>
  </testcase> <!-- @AfterTest tearDown -->
</testsuite> <!-- Test -->
