<?xml version="1.0" encoding="UTF-8"?>
<!-- Generated by org.testng.reporters.JUnitXMLReporter -->
<testsuite ignored="4" hostname="DESKTOP-4AO015I" failures="0" tests="6" name="Test" time="116.406" errors="0" timestamp="2024-07-01T12:31:59 IST">
  <testcase classname="testcases.SmokeTest" name="Logintest" time="13.731"/>
  <testcase classname="testcases.SmokeTest" name="PatientRegistration" time="8.33"/>
  <testcase classname="testcases.SmokeTest" name="Create_Appointment" time="3.562"/>
  <testcase classname="testcases.Billing" name="OPBill" time="21.216"/>
  <testcase classname="testcases.Billing" name="Lab_Bill" time="29.592"/>
  <testcase classname="testcases.Billing" name="Scan_Bill" time="30.373"/>
  <testcase classname="base.BaseTest" name="@BeforeTest setUp" time="0.0">
    <ignored/>
  </testcase> <!-- @BeforeTest setUp -->
  <testcase classname="base.BaseTest" name="@AfterTest tearDown" time="0.0">
    <ignored/>
  </testcase> <!-- @AfterTest tearDown -->
  <testcase classname="base.BaseTest" name="@BeforeTest setUp" time="0.0">
    <ignored/>
  </testcase> <!-- @BeforeTest setUp -->
  <testcase classname="base.BaseTest" name="@AfterTest tearDown" time="0.0">
    <ignored/>
  </testcase> <!-- @AfterTest tearDown -->
</testsuite> <!-- Test -->
