<?xml version="1.0" encoding="UTF-8"?>
<!-- Generated by org.testng.reporters.JUnitXMLReporter -->
<testsuite ignored="4" hostname="DESKTOP-4AO015I" failures="0" tests="6" name="Test" time="137.977" errors="0" timestamp="2025-03-03T14:23:54 IST">
  <testcase classname="testcases.SmokeTest" name="Logintest" time="13.627"/>
  <testcase classname="testcases.SmokeTest" name="PatientRegistrationJson" time="13.705"/>
  <testcase classname="testcases.SmokeTest" name="Create_Appointment" time="13.781"/>
  <testcase classname="testcases.Billing" name="OPBill" time="25.007"/>
  <testcase classname="testcases.Billing" name="Lab_Bill" time="32.321"/>
  <testcase classname="testcases.Billing" name="Scan_Bill" time="34.191"/>
  <testcase classname="base.BaseTest" name="@AfterTest tearDown" time="0.0">
    <ignored/>
  </testcase> <!-- @AfterTest tearDown -->
  <testcase classname="base.BaseTest" name="@AfterTest tearDown" time="0.0">
    <ignored/>
  </testcase> <!-- @AfterTest tearDown -->
  <testcase classname="base.BaseTest" name="@BeforeTest setUp" time="0.0">
    <ignored/>
  </testcase> <!-- @BeforeTest setUp -->
  <testcase classname="base.BaseTest" name="@BeforeTest setUp" time="0.0">
    <ignored/>
  </testcase> <!-- @BeforeTest setUp -->
</testsuite> <!-- Test -->
