<?xml version="1.0" encoding="UTF-8"?>
<!-- Generated by org.testng.reporters.JUnitXMLReporter -->
<testsuite ignored="4" hostname="DESKTOP-4AO015I" failures="0" tests="6" name="Test" time="133.134" errors="0" timestamp="2025-01-21T14:53:46 IST">
  <testcase classname="testcases.SmokeTest" name="Logintest" time="17.848"/>
  <testcase classname="testcases.SmokeTest" name="PatientRegistration" time="7.085"/>
  <testcase classname="testcases.SmokeTest" name="Create_Appointment" time="13.897"/>
  <testcase classname="testcases.Billing" name="OPBill" time="25.639"/>
  <testcase classname="testcases.Billing" name="Lab_Bill" time="31.807"/>
  <testcase classname="testcases.Billing" name="Scan_Bill" time="32.216"/>
  <testcase classname="base.BaseTest" name="@BeforeTest setUp" time="0.0">
    <ignored/>
  </testcase> <!-- @BeforeTest setUp -->
  <testcase classname="base.BaseTest" name="@BeforeTest setUp" time="0.0">
    <ignored/>
  </testcase> <!-- @BeforeTest setUp -->
  <testcase classname="base.BaseTest" name="@AfterTest tearDown" time="0.0">
    <ignored/>
  </testcase> <!-- @AfterTest tearDown -->
  <testcase classname="base.BaseTest" name="@AfterTest tearDown" time="0.0">
    <ignored/>
  </testcase> <!-- @AfterTest tearDown -->
</testsuite> <!-- Test -->
