<?xml version="1.0" encoding="UTF-8"?>
<!-- Generated by org.testng.reporters.JUnitXMLReporter -->
<testsuite ignored="4" hostname="DESKTOP-4AO015I" failures="0" tests="4" name="Test" time="60.718" errors="0" timestamp="2024-12-09T15:42:49 IST">
  <testcase classname="testcases.SmokeTest" name="Logintest" time="13.499"/>
  <testcase classname="testcases.SmokeTest" name="PatientRegistration" time="8.131"/>
  <testcase classname="testcases.SmokeTest" name="Create_Appointment" time="6.132"/>
  <testcase classname="testcases.Billing" name="OPBill" time="22.497"/>
  <testcase classname="base.BaseTest" name="@BeforeTest setUp" time="0.0">
    <ignored/>
  </testcase> <!-- @BeforeTest setUp -->
  <testcase classname="base.BaseTest" name="@BeforeTest setUp" time="0.0">
    <ignored/>
  </testcase> <!-- @BeforeTest setUp -->
  <testcase classname="base.BaseTest" name="@AfterTest tearDown" time="0.0">
    <ignored/>
  </testcase> <!-- @AfterTest tearDown -->
  <testcase classname="base.BaseTest" name="@AfterTest tearDown" time="0.0">
    <ignored/>
  </testcase> <!-- @AfterTest tearDown -->
</testsuite> <!-- Test -->
