<?xml version="1.0" encoding="UTF-8"?>
<!-- Generated by org.testng.reporters.JUnitXMLReporter -->
<testsuite ignored="4" hostname="DESKTOP-4AO015I" failures="0" tests="5" name="Test" time="113.828" errors="0" timestamp="2024-12-26T16:17:36 IST">
  <testcase classname="testcases.SmokeTest" name="Logintest" time="16.274"/>
  <testcase classname="testcases.SmokeTest" name="PatientRegistration" time="9.99"/>
  <testcase classname="testcases.SmokeTest" name="Create_Appointment" time="7.737"/>
  <testcase classname="testcases.Billing" name="OPBill" time="26.38"/>
  <testcase classname="testcases.Billing" name="Lab_Bill" time="31.761"/>
  <testcase classname="base.BaseTest" name="@BeforeTest setUp" time="0.0">
    <ignored/>
  </testcase> <!-- @BeforeTest setUp -->
  <testcase classname="base.BaseTest" name="@BeforeTest setUp" time="0.0">
    <ignored/>
  </testcase> <!-- @BeforeTest setUp -->
  <testcase classname="base.BaseTest" name="@AfterTest tearDown" time="0.0">
    <ignored/>
  </testcase> <!-- @AfterTest tearDown -->
  <testcase classname="base.BaseTest" name="@AfterTest tearDown" time="0.0">
    <ignored/>
  </testcase> <!-- @AfterTest tearDown -->
</testsuite> <!-- Test -->
