<?xml version="1.0" encoding="UTF-8"?>
<testng-results ignored="4" total="9" passed="5" failed="0" skipped="0">
  <reporter-output>
  </reporter-output>
  <suite started-at="2024-12-26T16:15:42 IST" name="Suite" finished-at="2024-12-26T16:17:36 IST" duration-ms="113828">
    <groups>
    </groups>
    <test started-at="2024-12-26T16:15:42 IST" name="Test" finished-at="2024-12-26T16:17:36 IST" duration-ms="113828">
      <class name="base.BaseTest">
        <test-method is-config="true" signature="setUp()[pri:0, instance:base.BaseTest@4c163e3]" started-at="2024-12-26T16:15:43 IST" name="setUp" finished-at="2024-12-26T16:16:04 IST" duration-ms="21509" status="PASS">
          <reporter-output>
          </reporter-output>
        </test-method> <!-- setUp -->
        <test-method is-config="true" signature="tearDown()[pri:0, instance:base.BaseTest@4c163e3]" started-at="2024-12-26T16:17:36 IST" name="tearDown" finished-at="2024-12-26T16:17:36 IST" duration-ms="0" status="PASS">
          <reporter-output>
          </reporter-output>
        </test-method> <!-- tearDown -->
      </class> <!-- base.BaseTest -->
      <class name="testcases.Billing">
        <test-method signature="OPBill()[pri:0, instance:testcases.Billing@4e5ed836]" started-at="2024-12-26T16:16:38 IST" name="OPBill" finished-at="2024-12-26T16:17:05 IST" duration-ms="26380" status="PASS">
          <reporter-output>
          </reporter-output>
        </test-method> <!-- OPBill -->
        <test-method signature="Lab_Bill()[pri:1, instance:testcases.Billing@4e5ed836]" started-at="2024-12-26T16:17:05 IST" name="Lab_Bill" finished-at="2024-12-26T16:17:36 IST" duration-ms="31761" status="PASS">
          <reporter-output>
          </reporter-output>
        </test-method> <!-- Lab_Bill -->
      </class> <!-- testcases.Billing -->
      <class name="testcases.SmokeTest">
        <test-method signature="Logintest()[pri:0, instance:testcases.SmokeTest@2ab4bc72]" started-at="2024-12-26T16:16:04 IST" name="Logintest" finished-at="2024-12-26T16:16:20 IST" duration-ms="16274" status="PASS">
          <reporter-output>
          </reporter-output>
        </test-method> <!-- Logintest -->
        <test-method signature="PatientRegistration()[pri:1, instance:testcases.SmokeTest@2ab4bc72]" started-at="2024-12-26T16:16:20 IST" name="PatientRegistration" finished-at="2024-12-26T16:16:30 IST" duration-ms="9990" status="PASS">
          <reporter-output>
          </reporter-output>
        </test-method> <!-- PatientRegistration -->
        <test-method signature="Create_Appointment()[pri:2, instance:testcases.SmokeTest@2ab4bc72]" started-at="2024-12-26T16:16:30 IST" name="Create_Appointment" finished-at="2024-12-26T16:16:38 IST" duration-ms="7737" status="PASS">
          <reporter-output>
          </reporter-output>
        </test-method> <!-- Create_Appointment -->
      </class> <!-- testcases.SmokeTest -->
    </test> <!-- Test -->
  </suite> <!-- Suite -->
</testng-results>
