<?xml version="1.0" encoding="UTF-8"?>
<testng-results ignored="4" total="8" passed="4" failed="0" skipped="0">
  <reporter-output>
  </reporter-output>
  <suite started-at="2024-12-19T11:12:57 IST" name="Suite" finished-at="2024-12-19T11:14:09 IST" duration-ms="71967">
    <groups>
    </groups>
    <test started-at="2024-12-19T11:12:57 IST" name="Test" finished-at="2024-12-19T11:14:09 IST" duration-ms="71967">
      <class name="base.BaseTest">
        <test-method is-config="true" signature="setUp()[pri:0, instance:base.BaseTest@4c163e3]" started-at="2024-12-19T11:12:57 IST" name="setUp" finished-at="2024-12-19T11:13:11 IST" duration-ms="14182" status="PASS">
          <reporter-output>
          </reporter-output>
        </test-method> <!-- setUp -->
        <test-method is-config="true" signature="tearDown()[pri:0, instance:base.BaseTest@4c163e3]" started-at="2024-12-19T11:14:09 IST" name="tearDown" finished-at="2024-12-19T11:14:09 IST" duration-ms="1" status="PASS">
          <reporter-output>
          </reporter-output>
        </test-method> <!-- tearDown -->
      </class> <!-- base.BaseTest -->
      <class name="testcases.Billing">
        <test-method signature="OPBill()[pri:0, instance:testcases.Billing@4e5ed836]" started-at="2024-12-19T11:13:45 IST" name="OPBill" finished-at="2024-12-19T11:14:09 IST" duration-ms="23411" status="PASS">
          <reporter-output>
          </reporter-output>
        </test-method> <!-- OPBill -->
      </class> <!-- testcases.Billing -->
      <class name="testcases.SmokeTest">
        <test-method signature="Logintest()[pri:0, instance:testcases.SmokeTest@2ab4bc72]" started-at="2024-12-19T11:13:11 IST" name="Logintest" finished-at="2024-12-19T11:13:28 IST" duration-ms="16747" status="PASS">
          <reporter-output>
          </reporter-output>
        </test-method> <!-- Logintest -->
        <test-method signature="PatientRegistration()[pri:1, instance:testcases.SmokeTest@2ab4bc72]" started-at="2024-12-19T11:13:28 IST" name="PatientRegistration" finished-at="2024-12-19T11:13:38 IST" duration-ms="10372" status="PASS">
          <reporter-output>
          </reporter-output>
        </test-method> <!-- PatientRegistration -->
        <test-method signature="Create_Appointment()[pri:2, instance:testcases.SmokeTest@2ab4bc72]" started-at="2024-12-19T11:13:38 IST" name="Create_Appointment" finished-at="2024-12-19T11:13:45 IST" duration-ms="7113" status="PASS">
          <reporter-output>
          </reporter-output>
        </test-method> <!-- Create_Appointment -->
      </class> <!-- testcases.SmokeTest -->
    </test> <!-- Test -->
  </suite> <!-- Suite -->
</testng-results>
