<?xml version="1.0" encoding="UTF-8"?>
<testng-results ignored="4" total="10" passed="6" failed="0" skipped="0">
  <reporter-output>
  </reporter-output>
  <suite started-at="2024-07-01T12:30:03 IST" name="Suite" finished-at="2024-07-01T12:31:59 IST" duration-ms="116406">
    <groups>
    </groups>
    <test started-at="2024-07-01T12:30:03 IST" name="Test" finished-at="2024-07-01T12:31:59 IST" duration-ms="116406">
      <class name="base.BaseTest">
        <test-method is-config="true" signature="setUp()[pri:0, instance:base.BaseTest@52f27fbd]" started-at="2024-07-01T12:30:03 IST" name="setUp" finished-at="2024-07-01T12:30:12 IST" duration-ms="9439" status="PASS">
          <reporter-output>
          </reporter-output>
        </test-method> <!-- setUp -->
        <test-method is-config="true" signature="tearDown()[pri:0, instance:base.BaseTest@52f27fbd]" started-at="2024-07-01T12:31:59 IST" name="tearDown" finished-at="2024-07-01T12:31:59 IST" duration-ms="0" status="PASS">
          <reporter-output>
          </reporter-output>
        </test-method> <!-- tearDown -->
      </class> <!-- base.BaseTest -->
      <class name="testcases.Billing">
        <test-method signature="OPBill()[pri:0, instance:testcases.Billing@2ab4bc72]" started-at="2024-07-01T12:30:38 IST" name="OPBill" finished-at="2024-07-01T12:30:59 IST" duration-ms="21216" status="PASS">
          <reporter-output>
          </reporter-output>
        </test-method> <!-- OPBill -->
        <test-method signature="Lab_Bill()[pri:1, instance:testcases.Billing@2ab4bc72]" started-at="2024-07-01T12:30:59 IST" name="Lab_Bill" finished-at="2024-07-01T12:31:29 IST" duration-ms="29592" status="PASS">
          <reporter-output>
          </reporter-output>
        </test-method> <!-- Lab_Bill -->
        <test-method signature="Scan_Bill()[pri:2, instance:testcases.Billing@2ab4bc72]" started-at="2024-07-01T12:31:29 IST" name="Scan_Bill" finished-at="2024-07-01T12:31:59 IST" duration-ms="30373" status="PASS">
          <reporter-output>
          </reporter-output>
        </test-method> <!-- Scan_Bill -->
      </class> <!-- testcases.Billing -->
      <class name="testcases.SmokeTest">
        <test-method signature="Logintest()[pri:0, instance:testcases.SmokeTest@3de8f619]" started-at="2024-07-01T12:30:12 IST" name="Logintest" finished-at="2024-07-01T12:30:26 IST" duration-ms="13731" status="PASS">
          <reporter-output>
          </reporter-output>
        </test-method> <!-- Logintest -->
        <test-method signature="PatientRegistration()[pri:1, instance:testcases.SmokeTest@3de8f619]" started-at="2024-07-01T12:30:26 IST" name="PatientRegistration" finished-at="2024-07-01T12:30:34 IST" duration-ms="8330" status="PASS">
          <reporter-output>
          </reporter-output>
        </test-method> <!-- PatientRegistration -->
        <test-method signature="Create_Appointment()[pri:2, instance:testcases.SmokeTest@3de8f619]" started-at="2024-07-01T12:30:34 IST" name="Create_Appointment" finished-at="2024-07-01T12:30:38 IST" duration-ms="3562" status="PASS">
          <reporter-output>
          </reporter-output>
        </test-method> <!-- Create_Appointment -->
      </class> <!-- testcases.SmokeTest -->
    </test> <!-- Test -->
  </suite> <!-- Suite -->
</testng-results>
