<?xml version="1.0" encoding="UTF-8"?>
<testng-results ignored="4" total="10" passed="6" failed="0" skipped="0">
  <reporter-output>
  </reporter-output>
  <suite started-at="2025-03-03T14:21:36 IST" name="Suite" finished-at="2025-03-03T14:23:54 IST" duration-ms="137977">
    <groups>
    </groups>
    <test started-at="2025-03-03T14:21:36 IST" name="Test" finished-at="2025-03-03T14:23:54 IST" duration-ms="137977">
      <class name="base.BaseTest">
        <test-method is-config="true" signature="setUp()[pri:0, instance:base.BaseTest@4a8355dd]" started-at="2025-03-03T14:21:36 IST" name="setUp" finished-at="2025-03-03T14:21:41 IST" duration-ms="5202" status="PASS">
          <reporter-output>
          </reporter-output>
        </test-method> <!-- setUp -->
        <test-method is-config="true" signature="tearDown()[pri:0, instance:base.BaseTest@4a8355dd]" started-at="2025-03-03T14:23:54 IST" name="tearDown" finished-at="2025-03-03T14:23:54 IST" duration-ms="0" status="PASS">
          <reporter-output>
          </reporter-output>
        </test-method> <!-- tearDown -->
      </class> <!-- base.BaseTest -->
      <class name="testcases.Billing">
        <test-method signature="OPBill()[pri:0, instance:testcases.Billing@7a5ceedd]" started-at="2025-03-03T14:22:22 IST" name="OPBill" description="Generated the (OP) bill" finished-at="2025-03-03T14:22:47 IST" duration-ms="25007" status="PASS">
          <reporter-output>
          </reporter-output>
        </test-method> <!-- OPBill -->
        <test-method signature="Lab_Bill()[pri:1, instance:testcases.Billing@7a5ceedd]" started-at="2025-03-03T14:22:47 IST" name="Lab_Bill" description="Generated the (Lab) bill" finished-at="2025-03-03T14:23:20 IST" duration-ms="32321" status="PASS">
          <reporter-output>
          </reporter-output>
        </test-method> <!-- Lab_Bill -->
        <test-method signature="Scan_Bill()[pri:2, instance:testcases.Billing@7a5ceedd]" started-at="2025-03-03T14:23:20 IST" name="Scan_Bill" description="Generated the (Scan) bill" finished-at="2025-03-03T14:23:54 IST" duration-ms="34191" status="PASS">
          <reporter-output>
          </reporter-output>
        </test-method> <!-- Scan_Bill -->
      </class> <!-- testcases.Billing -->
      <class name="testcases.SmokeTest">
        <test-method signature="Logintest()[pri:0, instance:testcases.SmokeTest@5965d37]" started-at="2025-03-03T14:21:41 IST" name="Logintest" description="validates the login functionality of the application" finished-at="2025-03-03T14:21:55 IST" duration-ms="13627" status="PASS">
          <reporter-output>
          </reporter-output>
        </test-method> <!-- Logintest -->
        <test-method signature="PatientRegistrationJson()[pri:1, instance:testcases.SmokeTest@5965d37]" started-at="2025-03-03T14:21:55 IST" name="PatientRegistrationJson" description="patient registration functionality" finished-at="2025-03-03T14:22:08 IST" duration-ms="13705" status="PASS">
          <reporter-output>
          </reporter-output>
        </test-method> <!-- PatientRegistrationJson -->
        <test-method signature="Create_Appointment()[pri:2, instance:testcases.SmokeTest@5965d37]" started-at="2025-03-03T14:22:08 IST" name="Create_Appointment" description="Verifying the appointment confirmation" finished-at="2025-03-03T14:22:22 IST" duration-ms="13781" status="PASS">
          <reporter-output>
          </reporter-output>
        </test-method> <!-- Create_Appointment -->
      </class> <!-- testcases.SmokeTest -->
    </test> <!-- Test -->
  </suite> <!-- Suite -->
</testng-results>
