<?xml version="1.0" encoding="UTF-8"?>
<testng-results ignored="2" total="4" passed="2" failed="0" skipped="0">
  <reporter-output>
  </reporter-output>
  <suite started-at="2024-06-28T12:35:52 IST" name="Suite" finished-at="2024-06-28T12:36:45 IST" duration-ms="52290">
    <groups>
    </groups>
    <test started-at="2024-06-28T12:35:52 IST" name="Test" finished-at="2024-06-28T12:36:45 IST" duration-ms="52290">
      <class name="base.BaseTest">
        <test-method is-config="true" signature="setUp()[pri:0, instance:base.BaseTest@35841320]" started-at="2024-06-28T12:35:52 IST" name="setUp" finished-at="2024-06-28T12:36:03 IST" duration-ms="10294" status="PASS">
          <reporter-output>
          </reporter-output>
        </test-method> <!-- setUp -->
        <test-method is-config="true" signature="tearDown()[pri:0, instance:base.BaseTest@35841320]" started-at="2024-06-28T12:36:45 IST" name="tearDown" finished-at="2024-06-28T12:36:45 IST" duration-ms="0" status="PASS">
          <reporter-output>
          </reporter-output>
        </test-method> <!-- tearDown -->
      </class> <!-- base.BaseTest -->
      <class name="testcases.Billing">
        <test-method signature="Logintest()[pri:0, instance:testcases.Billing@6b695b06]" started-at="2024-06-28T12:36:03 IST" name="Logintest" finished-at="2024-06-28T12:36:17 IST" duration-ms="13947" status="PASS">
          <reporter-output>
          </reporter-output>
        </test-method> <!-- Logintest -->
        <test-method signature="Scan_Bill()[pri:1, instance:testcases.Billing@6b695b06]" started-at="2024-06-28T12:36:17 IST" name="Scan_Bill" finished-at="2024-06-28T12:36:45 IST" duration-ms="27935" status="PASS">
          <reporter-output>
          </reporter-output>
        </test-method> <!-- Scan_Bill -->
      </class> <!-- testcases.Billing -->
    </test> <!-- Test -->
  </suite> <!-- Suite -->
</testng-results>
